# JRE version: Java(TM) SE Runtime Environment (8.0_202-b08) (build 1.8.0_202-b08)
# Java VM: Java HotSpot(TM) Client VM (25.202-b08 mixed mode, sharing windows-x86 )
Heap:
 def new generation   total 13056K, used 5448K [0x03c00000, 0x04a20000, 0x09150000)
  eden space 11648K,  34% used [0x03c00000, 0x03ff2108, 0x04760000)
  from space 1408K, 100% used [0x04760000, 0x048c0000, 0x048c0000)
  to   space 1408K,   0% used [0x048c0000, 0x048c0000, 0x04a20000)
 tenured generation   total 28780K, used 20169K [0x09150000, 0x0ad6b000, 0x13c00000)
   the space 28780K,  70% used [0x09150000, 0x0a5026c0, 0x0a502800, 0x0ad6b000)
 Metaspace       used 30706K, capacity 32337K, committed 32384K, reserved 33152K
GC Heap History (10 events):
Event: 29.976 GC heap before
{Heap before GC invocations=101 (full 3):
 def new generation   total 13056K, used 11919K [0x03c00000, 0x04a20000, 0x09150000)
  eden space 11648K, 100% used [0x03c00000, 0x04760000, 0x04760000)
  from space 1408K,  19% used [0x048c0000, 0x04903c70, 0x04a20000)
  to   space 1408K,   0% used [0x04760000, 0x04760000, 0x048c0000)
 tenured generation   total 28780K, used 17265K [0x09150000, 0x0ad6b000, 0x13c00000)
   the space 28780K,  59% used [0x09150000, 0x0a22c7b0, 0x0a22c800, 0x0ad6b000)
 Metaspace       used 28541K, capacity 30034K, committed 30080K, reserved 30080K
Event: 29.988 GC heap after
Heap after GC invocations=102 (full 3):
 def new generation   total 13056K, used 1228K [0x03c00000, 0x04a20000, 0x09150000)
  eden space 11648K,   0% used [0x03c00000, 0x03c00000, 0x04760000)
  from space 1408K,  87% used [0x04760000, 0x048931f8, 0x048c0000)
  to   space 1408K,   0% used [0x048c0000, 0x048c0000, 0x04a20000)
 tenured generation   total 28780K, used 17265K [0x09150000, 0x0ad6b000, 0x13c00000)
   the space 28780K,  59% used [0x09150000, 0x0a22c7b0, 0x0a22c800, 0x0ad6b000)
 Metaspace       used 28541K, capacity 30034K, committed 30080K, reserved 30080K
}
Event: 30.676 GC heap before
{Heap before GC invocations=102 (full 3):
 def new generation   total 13056K, used 12876K [0x03c00000, 0x04a20000, 0x09150000)
  eden space 11648K, 100% used [0x03c00000, 0x04760000, 0x04760000)
  from space 1408K,  87% used [0x04760000, 0x048931f8, 0x048c0000)
  to   space 1408K,   0% used [0x048c0000, 0x048c0000, 0x04a20000)
 tenured generation   total 28780K, used 17265K [0x09150000, 0x0ad6b000, 0x13c00000)
   the space 28780K,  59% used [0x09150000, 0x0a22c7b0, 0x0a22c800, 0x0ad6b000)
 Metaspace       used 29416K, capacity 30933K, committed 30976K, reserved 31104K
Event: 30.690 GC heap after
Heap after GC invocations=103 (full 3):
 def new generation   total 13056K, used 1233K [0x03c00000, 0x04a20000, 0x09150000)
  eden space 11648K,   0% used [0x03c00000, 0x03c00000, 0x04760000)
  from space 1408K,  87% used [0x048c0000, 0x049f4600, 0x04a20000)
  to   space 1408K,   0% used [0x04760000, 0x04760000, 0x048c0000)
 tenured generation   total 28780K, used 17859K [0x09150000, 0x0ad6b000, 0x13c00000)
   the space 28780K,  62% used [0x09150000, 0x0a2c0e98, 0x0a2c1000, 0x0ad6b000)
 Metaspace       used 29416K, capacity 30933K, committed 30976K, reserved 31104K
}
Event: 682.028 GC heap before
{Heap before GC invocations=103 (full 3):
 def new generation   total 13056K, used 12881K [0x03c00000, 0x04a20000, 0x09150000)
  eden space 11648K, 100% used [0x03c00000, 0x04760000, 0x04760000)
  from space 1408K,  87% used [0x048c0000, 0x049f4600, 0x04a20000)
  to   space 1408K,   0% used [0x04760000, 0x04760000, 0x048c0000)
 tenured generation   total 28780K, used 17859K [0x09150000, 0x0ad6b000, 0x13c00000)
   the space 28780K,  62% used [0x09150000, 0x0a2c0e98, 0x0a2c1000, 0x0ad6b000)
 Metaspace       used 30339K, capacity 31911K, committed 32000K, reserved 32128K
Event: 682.046 GC heap after
Heap after GC invocations=104 (full 3):
 def new generation   total 13056K, used 1407K [0x03c00000, 0x04a20000, 0x09150000)
  eden space 11648K,   0% used [0x03c00000, 0x03c00000, 0x04760000)
  from space 1408K,  99% used [0x04760000, 0x048bfff8, 0x048c0000)
  to   space 1408K,   0% used [0x048c0000, 0x048c0000, 0x04a20000)
 tenured generation   total 28780K, used 18229K [0x09150000, 0x0ad6b000, 0x13c00000)
   the space 28780K,  63% used [0x09150000, 0x0a31d650, 0x0a31d800, 0x0ad6b000)
 Metaspace       used 30339K, capacity 31911K, committed 32000K, reserved 32128K
}
Event: 3507.882 GC heap before
{Heap before GC invocations=104 (full 3):
 def new generation   total 13056K, used 13055K [0x03c00000, 0x04a20000, 0x09150000)
  eden space 11648K, 100% used [0x03c00000, 0x04760000, 0x04760000)
  from space 1408K,  99% used [0x04760000, 0x048bfff8, 0x048c0000)
  to   space 1408K,   0% used [0x048c0000, 0x048c0000, 0x04a20000)
 tenured generation   total 28780K, used 18229K [0x09150000, 0x0ad6b000, 0x13c00000)
   the space 28780K,  63% used [0x09150000, 0x0a31d650, 0x0a31d800, 0x0ad6b000)
 Metaspace       used 30704K, capacity 32335K, committed 32384K, reserved 33152K
Event: 3507.905 GC heap after
Heap after GC invocations=105 (full 3):
 def new generation   total 13056K, used 1349K [0x03c00000, 0x04a20000, 0x09150000)
  eden space 11648K,   0% used [0x03c00000, 0x03c00000, 0x04760000)
  from space 1408K,  95% used [0x048c0000, 0x04a11418, 0x04a20000)
  to   space 1408K,   0% used [0x04760000, 0x04760000, 0x048c0000)
 tenured generation   total 28780K, used 18669K [0x09150000, 0x0ad6b000, 0x13c00000)
   the space 28780K,  64% used [0x09150000, 0x0a38b4f0, 0x0a38b600, 0x0ad6b000)
 Metaspace       used 30704K, capacity 32335K, committed 32384K, reserved 33152K
}
Event: 12422.302 GC heap before
{Heap before GC invocations=105 (full 3):
 def new generation   total 13056K, used 12997K [0x03c00000, 0x04a20000, 0x09150000)
  eden space 11648K, 100% used [0x03c00000, 0x04760000, 0x04760000)
  from space 1408K,  95% used [0x048c0000, 0x04a11418, 0x04a20000)
  to   space 1408K,   0% used [0x04760000, 0x04760000, 0x048c0000)
 tenured generation   total 28780K, used 18669K [0x09150000, 0x0ad6b000, 0x13c00000)
   the space 28780K,  64% used [0x09150000, 0x0a38b4f0, 0x0a38b600, 0x0ad6b000)
 Metaspace       used 30706K, capacity 32337K, committed 32384K, reserved 33152K
Event: 12427.654 GC heap after
Heap after GC invocations=106 (full 3):
 def new generation   total 13056K, used 1408K [0x03c00000, 0x04a20000, 0x09150000)
  eden space 11648K,   0% used [0x03c00000, 0x03c00000, 0x04760000)
  from space 1408K, 100% used [0x04760000, 0x048c0000, 0x048c0000)
  to   space 1408K,   0% used [0x048c0000, 0x048c0000, 0x04a20000)
 tenured generation   total 28780K, used 20169K [0x09150000, 0x0ad6b000, 0x13c00000)
   the space 28780K,  70% used [0x09150000, 0x0a5026c0, 0x0a502800, 0x0ad6b000)
 Metaspace       used 30706K, capacity 32337K, committed 32384K, reserved 33152K
}

